   ▲ Next.js 15.5.2
   - Local:        http://localhost:3002
   - Network:      http://192.168.56.1:3002
   - Environments: .env

 ✓ Starting...
 ✓ Ready in 3.3s
 ○ Compiling /middleware ...
 ✓ Compiled /middleware in 4.5s (220 modules)
 ○ Compiling /dashboard/practice ...
 ✓ Compiled /dashboard/practice in 41.6s (2413 modules)
 GET /dashboard/practice 200 in 45402ms
 ✓ Compiled in 4.3s (1032 modules)
Clerk: Refreshing the session token resulted in an infinite redirect loop. This usually means that your Clerk instance keys do not match - make sure to copy the correct publishable and secret keys from the Clerk dashboard.
 GET /dashboard/practice?__clerk_handshake=eyJhbGciOiJSUzI1NiIsImNhdCI6ImNsX0I3ZDRQRDExMUFBQSIsImtpZCI6Imluc18zRGhLVFJId2VMRG1ES1AydEIyb3lzdlRTd3kiLCJ0eXAiOiJKV1QifQ.eyJoYW5kc2hha2UiOlsiX19jbGllbnRfdWF0PTsgUGF0aD0vOyBFeHBpcmVzPVRodSwgMDEgSmFuIDE5NzAgMDA6MDA6MDAgR01UOyBTYW1lU2l0ZT1Ob25lIiwiX19jbGllbnRfdWF0PTA7IFBhdGg9LzsgRG9tYWluPWxvY2FsaG9zdDsgTWF4LUFnZT0zMTUzNjAwMDA7IFNhbWVTaXRlPU5vbmUiLCJfX3Nlc3Npb249OyBQYXRoPS87IEV4cGlyZXM9VGh1LCAwMSBKYW4gMTk3MCAwMDowMDowMCBHTVQ7IFNhbWVTaXRlPU5vbmUiLCJfX2NsZXJrX2RiX2p3dD1kdmJfM0RoWGFKVVhVdFByaHN4QmhWbG9RTlV2c0FBOyBQYXRoPS87IEV4cGlyZXM9RnJpLCAxNCBNYXkgMjAyNyAwNTowODo1NiBHTVQ7IFNhbWVTaXRlPU5vbmUiXX0.5sgmEfgZOIm-iyb9aiVfvlnGxZam0l5BCIYjC9VSAB33zlVaMONxlhu0nDMhl8qOZViflojnUIVR5EpUlDt0oEAPHUpp_3UxxYQiz6WCa0se8D0-ORlAjrmwZlCLfukQG_F-Mf_w6k3_zJa4tTWPEB1tk1NbtKmYVYgCS5MIQ1cZMQRwmcgYfXX20XuGhIrBFmSMvONTVX8Mu42M6lbRdfTs4yR0s87PSnc7Dr1QBR6UC8gpFNByv_ZQ5YTXtBuOnHDQBblhzl4KBkUILqQ8x7OZpi0q5Jw2sk7z-c1kiQ2XEnQkeOnnvTezx5H-8KFQzv0EPJc5R9Q1p7swcpryTg 200 in 335ms
Clerk: Refreshing the session token resulted in an infinite redirect loop. This usually means that your Clerk instance keys do not match - make sure to copy the correct publishable and secret keys from the Clerk dashboard.
 GET /dashboard/practice?__clerk_handshake=eyJhbGciOiJSUzI1NiIsImNhdCI6ImNsX0I3ZDRQRDExMUFBQSIsImtpZCI6Imluc18zRGhLVFJId2VMRG1ES1AydEIyb3lzdlRTd3kiLCJ0eXAiOiJKV1QifQ.eyJoYW5kc2hha2UiOlsiX19jbGllbnRfdWF0PTsgUGF0aD0vOyBFeHBpcmVzPVRodSwgMDEgSmFuIDE5NzAgMDA6MDA6MDAgR01UOyBTYW1lU2l0ZT1Ob25lIiwiX19jbGllbnRfdWF0PTA7IFBhdGg9LzsgRG9tYWluPWxvY2FsaG9zdDsgTWF4LUFnZT0zMTUzNjAwMDA7IFNhbWVTaXRlPU5vbmUiLCJfX3Nlc3Npb249OyBQYXRoPS87IEV4cGlyZXM9VGh1LCAwMSBKYW4gMTk3MCAwMDowMDowMCBHTVQ7IFNhbWVTaXRlPU5vbmUiLCJfX2NsZXJrX2RiX2p3dD1kdmJfM0RoWGNJNVhTTzRtalhVQ2RsdG9sZGpaeUFIOyBQYXRoPS87IEV4cGlyZXM9RnJpLCAxNCBNYXkgMjAyNyAwNTowOToxMiBHTVQ7IFNhbWVTaXRlPU5vbmUiXX0.rtj8O8ozyAAt4r-SoPlHPrMnNC9f5UPvt1SkF78cjKwb6tdiNKRes5MS9je8Edo_0D5BhM_Wg-yLI9nI2IzhLax6JKboVEF9zLc08VCftUZLnMJZ6KU2ZwGNvEKpInxdDc--fOohhC1sjz-jQrmSAE_gLEbjRkMljwQuN3064kn21uALG51eJxs4SpJbIiccKEajaboI6oxzJeax17cTQt902dMmHmbU2PkTuE0J3-Jw9nl0UvVuUNFkhAOvvhkcwMYoKx91UANnPHSY0NDoFVPrh1V5GZ2RRZqZBCkXjB5vZ_OSSX_Vt4hr-oq1JGTbvq6dZDCsDbeuhN1JTsU9Dw 200 in 2030ms
 ○ Compiling /api/generate-questions ...
 ✓ Compiled /api/generate-questions in 6.6s (2575 modules)
 POST /api/generate-questions 500 in 8045ms
 POST /api/generate-questions 503 in 41ms
Clerk: Refreshing the session token resulted in an infinite redirect loop. This usually means that your Clerk instance keys do not match - make sure to copy the correct publishable and secret keys from the Clerk dashboard.
 GET /dashboard/practice?__clerk_handshake=eyJhbGciOiJSUzI1NiIsImNhdCI6ImNsX0I3ZDRQRDExMUFBQSIsImtpZCI6Imluc18zRGhLVFJId2VMRG1ES1AydEIyb3lzdlRTd3kiLCJ0eXAiOiJKV1QifQ.eyJoYW5kc2hha2UiOlsiX19jbGllbnRfdWF0PTsgUGF0aD0vOyBFeHBpcmVzPVRodSwgMDEgSmFuIDE5NzAgMDA6MDA6MDAgR01UOyBTYW1lU2l0ZT1Ob25lIiwiX19jbGllbnRfdWF0PTA7IFBhdGg9LzsgRG9tYWluPWxvY2FsaG9zdDsgTWF4LUFnZT0zMTUzNjAwMDA7IFNhbWVTaXRlPU5vbmUiLCJfX3Nlc3Npb249OyBQYXRoPS87IEV4cGlyZXM9VGh1LCAwMSBKYW4gMTk3MCAwMDowMDowMCBHTVQ7IFNhbWVTaXRlPU5vbmUiLCJfX2NsZXJrX2RiX2p3dD1kdmJfM0RoWHdUaVNKZ2s3VWFzR3BzTHpnUFdDUWxCOyBQYXRoPS87IEV4cGlyZXM9RnJpLCAxNCBNYXkgMjAyNyAwNToxMTo1MyBHTVQ7IFNhbWVTaXRlPU5vbmUiXX0.KKDX9AJTX72NC38tM1X2hsbNeJnmk2mmot9lOAVWNBkd7JX0tf7w0bS6JQLm9x8nbCsUAZJT7saLIEFPhOZgU5phAfEInJMdgwIeoVTvTYiP6ff_wz9GKPVrkKAw2e8e8ZJtvjn9PP8BsSqdQn_x545ul3Z1bF99QWaPZn4CdJX6padeZPWNIBaRto-9X6CbR2iqH1Z0kLZQBiQKmE9qZtiLdNEN7PhD9m3SD5JwL5Na2J4dvTsE4iaqNf4fZ-IA3CxEYUDvhy6u817SV8g1VffCQq-OMiDOTlT0FUCTV8m3SVbt7oxztlQIMhDoQ-sSrd4e3JzuXv1_8QwFHMZGyw 200 in 2067ms
 GET /dashboard/practice?__clerk_handshake=eyJhbGciOiJSUzI1NiIsImNhdCI6ImNsX0I3ZDRQRDExMUFBQSIsImtpZCI6Imluc18zRGhLVFJId2VMRG1ES1AydEIyb3lzdlRTd3kiLCJ0eXAiOiJKV1QifQ.eyJoYW5kc2hha2UiOlsiX19jbGllbnRfdWF0PTsgUGF0aD0vOyBFeHBpcmVzPVRodSwgMDEgSmFuIDE5NzAgMDA6MDA6MDAgR01UOyBTYW1lU2l0ZT1Ob25lIiwiX19jbGllbnRfdWF0PTA7IFBhdGg9LzsgRG9tYWluPWxvY2FsaG9zdDsgTWF4LUFnZT0zMTUzNjAwMDA7IFNhbWVTaXRlPU5vbmUiLCJfX3Nlc3Npb249OyBQYXRoPS87IEV4cGlyZXM9VGh1LCAwMSBKYW4gMTk3MCAwMDowMDowMCBHTVQ7IFNhbWVTaXRlPU5vbmUiLCJfX2NsZXJrX2RiX2p3dD1kdmJfM0RoWHhkZHMxY1JqRGtOTU9ORVZRWVU2NlJDOyBQYXRoPS87IEV4cGlyZXM9RnJpLCAxNCBNYXkgMjAyNyAwNToxMjowMiBHTVQ7IFNhbWVTaXRlPU5vbmUiXX0.dC2rWYwERDAhtwEEjy0CjSCBErXloCPXy34wdSlfABGH1OXFaegslCdxSkME1JzoteQN5JDWmZUshorrkZ4qqL6VJ3Ikmo0_A8yTBeFO6jZRZAnXgHXHRVDSS6q3qwRLpflf49jpCXeUtZqXQy3y67CBWj5oq3jg8_BN8aIxVpXQXd4lsMH46FeqqBMrNXMpBUuEif-ONMW818ykJVg8nEc0jcv9jHkKgRyHNu7MOyIzghICjMltcgh0ZzvUn0jS8NFdUmmjSMcK6tRCI6xIM0m-TQaZFsF0beBhgsSmtIt5-BRusSvlDJFxc9MHAGZpyvT15LOPs87y9b7ExJOzNg 200 in 573ms
 GET /dashboard/practice?__clerk_handshake=eyJhbGciOiJSUzI1NiIsImNhdCI6ImNsX0I3ZDRQRDExMUFBQSIsImtpZCI6Imluc18zRGhLVFJId2VMRG1ES1AydEIyb3lzdlRTd3kiLCJ0eXAiOiJKV1QifQ.eyJoYW5kc2hha2UiOlsiX19jbGllbnRfdWF0PTsgUGF0aD0vOyBFeHBpcmVzPVRodSwgMDEgSmFuIDE5NzAgMDA6MDA6MDAgR01UOyBTYW1lU2l0ZT1Ob25lIiwiX19jbGllbnRfdWF0PTA7IFBhdGg9LzsgRG9tYWluPWxvY2FsaG9zdDsgTWF4LUFnZT0zMTUzNjAwMDA7IFNhbWVTaXRlPU5vbmUiLCJfX3Nlc3Npb249OyBQYXRoPS87IEV4cGlyZXM9VGh1LCAwMSBKYW4gMTk3MCAwMDowMDowMCBHTVQ7IFNhbWVTaXRlPU5vbmUiLCJfX2NsZXJrX2RiX2p3dD1kdmJfM0RoWHhkZHMxY1JqRGtOTU9ORVZRWVU2NlJDOyBQYXRoPS87IEV4cGlyZXM9RnJpLCAxNCBNYXkgMjAyNyAwNToxMjowMiBHTVQ7IFNhbWVTaXRlPU5vbmUiXX0.dC2rWYwERDAhtwEEjy0CjSCBErXloCPXy34wdSlfABGH1OXFaegslCdxSkME1JzoteQN5JDWmZUshorrkZ4qqL6VJ3Ikmo0_A8yTBeFO6jZRZAnXgHXHRVDSS6q3qwRLpflf49jpCXeUtZqXQy3y67CBWj5oq3jg8_BN8aIxVpXQXd4lsMH46FeqqBMrNXMpBUuEif-ONMW818ykJVg8nEc0jcv9jHkKgRyHNu7MOyIzghICjMltcgh0ZzvUn0jS8NFdUmmjSMcK6tRCI6xIM0m-TQaZFsF0beBhgsSmtIt5-BRusSvlDJFxc9MHAGZpyvT15LOPs87y9b7ExJOzNg 200 in 540ms
Clerk: Refreshing the session token resulted in an infinite redirect loop. This usually means that your Clerk instance keys do not match - make sure to copy the correct publishable and secret keys from the Clerk dashboard.
 GET /dashboard/practice?__clerk_handshake=eyJhbGciOiJSUzI1NiIsImNhdCI6ImNsX0I3ZDRQRDExMUFBQSIsImtpZCI6Imluc18zRGhLVFJId2VMRG1ES1AydEIyb3lzdlRTd3kiLCJ0eXAiOiJKV1QifQ.eyJoYW5kc2hha2UiOlsiX19jbGllbnRfdWF0PTsgUGF0aD0vOyBFeHBpcmVzPVRodSwgMDEgSmFuIDE5NzAgMDA6MDA6MDAgR01UOyBTYW1lU2l0ZT1Ob25lIiwiX19jbGllbnRfdWF0PTA7IFBhdGg9LzsgRG9tYWluPWxvY2FsaG9zdDsgTWF4LUFnZT0zMTUzNjAwMDA7IFNhbWVTaXRlPU5vbmUiLCJfX3Nlc3Npb249OyBQYXRoPS87IEV4cGlyZXM9VGh1LCAwMSBKYW4gMTk3MCAwMDowMDowMCBHTVQ7IFNhbWVTaXRlPU5vbmUiLCJfX2NsZXJrX2RiX2p3dD1kdmJfM0RoWTBZUUV6SjJ4b2ozZ3B0VXBVemtmYUVBOyBQYXRoPS87IEV4cGlyZXM9RnJpLCAxNCBNYXkgMjAyNyAwNToxMjoyNSBHTVQ7IFNhbWVTaXRlPU5vbmUiXX0.4MTDTTpdrq8HksXzOs8gKIdhHActIhjnsrkdivbvFB-T7Lzv5Jt-IkxQXP5GDvRTFVFFokBZDEVO52M4ACy0AKuHTuTo0VMufSV_JBrD54Ps86j3_00Yap-Nzg5emX3C7Cz65Y7bX7subLSc-Jlk9Euy3bssRYnMuoWDWa7GP6CamvSNBNbhiLAaNGkt8rHPGN10OlR1ofDSZGwyeiMUPQopmMFr-ozt_1a2IiIA__zWhzaJePm90T34Nav6LBCCAyJ8_JrZUsgpfBrNpcuY9nW2oW2S6fXFXWzBp9Fj6CrqkONU6Aiw5oz_lHA77w91Ge7rw5Bgvbx-EbZuFU0AbQ 200 in 2841ms
 GET /dashboard/practice?__clerk_handshake=eyJhbGciOiJSUzI1NiIsImNhdCI6ImNsX0I3ZDRQRDExMUFBQSIsImtpZCI6Imluc18zRGhLVFJId2VMRG1ES1AydEIyb3lzdlRTd3kiLCJ0eXAiOiJKV1QifQ.eyJoYW5kc2hha2UiOlsiX19jbGllbnRfdWF0PTsgUGF0aD0vOyBFeHBpcmVzPVRodSwgMDEgSmFuIDE5NzAgMDA6MDA6MDAgR01UOyBTYW1lU2l0ZT1Ob25lIiwiX19jbGllbnRfdWF0PTA7IFBhdGg9LzsgRG9tYWluPWxvY2FsaG9zdDsgTWF4LUFnZT0zMTUzNjAwMDA7IFNhbWVTaXRlPU5vbmUiLCJfX3Nlc3Npb249OyBQYXRoPS87IEV4cGlyZXM9VGh1LCAwMSBKYW4gMTk3MCAwMDowMDowMCBHTVQ7IFNhbWVTaXRlPU5vbmUiLCJfX2NsZXJrX2RiX2p3dD1kdmJfM0RoWTFsSEZxZGxrV0pMSktUdklJM1c3ME4xOyBQYXRoPS87IEV4cGlyZXM9RnJpLCAxNCBNYXkgMjAyNyAwNToxMjozNSBHTVQ7IFNhbWVTaXRlPU5vbmUiXX0.mtnVkO62TF3yHby8YKsBQ8tGLpfHzIFxhgmVwR9p2buOy9ccKXRUJ8rzvZkaxm9os0_0ygSGkK9g5ueCTxZO9Y1Ye_GN-HLZU2pwVYQgIAzO9_jgfez6i4AWWbYYgq9xhv86CJ_Jh8-vc_20oxsBpvCaAOYeoBONxzCpBeA5HMOY3FV3MyzFJv_kM2Q5d_DwWp9lRvDRqIRNmIr70UOJ9KddFEQpFlbG7_wwWLL6C6c7Q_ScTNBStvDmxpxxx0KWOYCHgAxXAlbUNNp9gDvaTKxv38J8GpPVI6hdbjc9Z7ngH2Tuuj-YfydygGnj3KgRm7ixpdVOhW7LvVpL686zbQ 200 in 837ms
 GET /dashboard/practice?__clerk_handshake=eyJhbGciOiJSUzI1NiIsImNhdCI6ImNsX0I3ZDRQRDExMUFBQSIsImtpZCI6Imluc18zRGhLVFJId2VMRG1ES1AydEIyb3lzdlRTd3kiLCJ0eXAiOiJKV1QifQ.eyJoYW5kc2hha2UiOlsiX19jbGllbnRfdWF0PTsgUGF0aD0vOyBFeHBpcmVzPVRodSwgMDEgSmFuIDE5NzAgMDA6MDA6MDAgR01UOyBTYW1lU2l0ZT1Ob25lIiwiX19jbGllbnRfdWF0PTA7IFBhdGg9LzsgRG9tYWluPWxvY2FsaG9zdDsgTWF4LUFnZT0zMTUzNjAwMDA7IFNhbWVTaXRlPU5vbmUiLCJfX3Nlc3Npb249OyBQYXRoPS87IEV4cGlyZXM9VGh1LCAwMSBKYW4gMTk3MCAwMDowMDowMCBHTVQ7IFNhbWVTaXRlPU5vbmUiLCJfX2NsZXJrX2RiX2p3dD1kdmJfM0RoWTFsSEZxZGxrV0pMSktUdklJM1c3ME4xOyBQYXRoPS87IEV4cGlyZXM9RnJpLCAxNCBNYXkgMjAyNyAwNToxMjozNSBHTVQ7IFNhbWVTaXRlPU5vbmUiXX0.mtnVkO62TF3yHby8YKsBQ8tGLpfHzIFxhgmVwR9p2buOy9ccKXRUJ8rzvZkaxm9os0_0ygSGkK9g5ueCTxZO9Y1Ye_GN-HLZU2pwVYQgIAzO9_jgfez6i4AWWbYYgq9xhv86CJ_Jh8-vc_20oxsBpvCaAOYeoBONxzCpBeA5HMOY3FV3MyzFJv_kM2Q5d_DwWp9lRvDRqIRNmIr70UOJ9KddFEQpFlbG7_wwWLL6C6c7Q_ScTNBStvDmxpxxx0KWOYCHgAxXAlbUNNp9gDvaTKxv38J8GpPVI6hdbjc9Z7ngH2Tuuj-YfydygGnj3KgRm7ixpdVOhW7LvVpL686zbQ 200 in 703ms
 ✓ Compiled in 2.4s (1267 modules)
 ✓ Compiled in 2.7s (2428 modules)
   Reload env: .env
 ✓ Compiled in 9.9s (2634 modules)
 ○ Compiling /_error ...
 ✓ Compiled /_error in 15.7s (2768 modules)
 ✓ Compiled in 1272ms (1418 modules)
 ○ Compiling /api/generate-questions ...
 ✓ Compiled /api/generate-questions in 3s (1638 modules)
 POST /api/generate-questions 500 in 9246ms
 ○ Compiling / ...
 ✓ Compiled / in 2.1s (2868 modules)
 GET / 200 in 6083ms
 GET / 200 in 578ms
 POST /api/generate-questions 500 in 2764ms
 ✓ Compiled in 4.7s (2882 modules)
 ✓ Compiled in 539ms (1216 modules)
 POST /api/generate-questions 500 in 3706ms
 POST /api/generate-questions 500 in 2456ms
   Reload env: .env
 ✓ Compiled in 8.8s (2913 modules)
 ✓ Compiled in 490ms (1216 modules)
 ✓ Compiled in 2.6s (2899 modules)
 ✓ Compiled in 625ms (1216 modules)
 ✓ Compiled in 347ms (1216 modules)
 ✓ Compiled in 1803ms (2709 modules)
 ✓ Compiled in 925ms (2709 modules)
 ✓ Compiled in 712ms (2709 modules)
